/nfs/home3/fcalvet/CNN3/lib/python3.5/site-packages/h5py/__init__.py:36: FutureWarning: Conversion of the second argument of issubdtype from `float` to `np.floating` is deprecated. In future, it will be treated as `np.float64 == np.dtype(float).type`.
  from ._conv import register_converters as _register_converters
Using TensorFlow backend.
['demo/images/image_29', 'demo/images/image_30', 'demo/images/image_36', 'demo/images/image_49', 'demo/images/image_50', 'demo/images/image_68', 'demo/images/image_69', 'demo/images/image_77', 'demo/images/image_92', 'demo/images/image_105']
using params:  {'to_slice': False, 'PreProcessing': <function preprocess_step1_LITS at 0x2ba73f1e6b70>, 'e_deform': {'alpha': 10, 'sigma': 3}, 'dataset': '3Dircad', 'random_deform': {'width_shift_range': 0.1, 'rotation_range_alpha': 20, 'height_shift_range': 0.1}, 'augmentation': [1, 1, 0], 'ReadFunction': <function Read3Dircad at 0x2ba735ab8400>, 'shape': [512, 512, 1], 'savefolder': 'demo/results/'}
(512, 512)
(512, 512)
(512, 512)
(512, 512)
(512, 512)
(512, 512)
(512, 512)
(512, 512)
(512, 512)
(512, 512)
(512, 512)
(512, 512)
(512, 512)
(512, 512)
(512, 512)
(512, 512)
(512, 512)
(512, 512)
(512, 512)
(512, 512)
